<?xml version="1.0" encoding="utf-8"?>
<testsuites>
<testsuite package="org.eslint" time="0" tests="1" errors="0" name="/Users/oliver/Projects/dev2/platform/src/Administration/Resources/app/administration/src/app/adapter/view/vue.adapter.js">
<testcase time="0" name="/Users/oliver/Projects/dev2/platform/src/Administration/Resources/app/administration/src/app/adapter/view/vue.adapter.js" />
</testsuite>
<testsuite package="org.eslint" time="0" tests="1" errors="0" name="/Users/oliver/Projects/dev2/platform/src/Administration/Resources/app/administration/src/app/assets/icons/icons.js">
<testcase time="0" name="/Users/oliver/Projects/dev2/platform/src/Administration/Resources/app/administration/src/app/assets/icons/icons.js" />
</testsuite>
<testsuite package="org.eslint" time="0" tests="1" errors="0" name="/Users/oliver/Projects/dev2/platform/src/Administration/Resources/app/administration/src/app/component/base/sw-address/index.js">
<testcase time="0" name="/Users/oliver/Projects/dev2/platform/src/Administration/Resources/app/administration/src/app/component/base/sw-address/index.js" />
</testsuite>
<testsuite package="org.eslint" time="0" tests="1" errors="0" name="/Users/oliver/Projects/dev2/platform/src/Administration/Resources/app/administration/src/app/component/base/sw-alert/index.js">
<testcase time="0" name="/Users/oliver/Projects/dev2/platform/src/Administration/Resources/app/administration/src/app/component/base/sw-alert/index.js" />
</testsuite>
<testsuite package="org.eslint" time="0" tests="1" errors="0" name="/Users/oliver/Projects/dev2/platform/src/Administration/Resources/app/administration/src/app/component/base/sw-avatar/index.js">
<testcase time="0" name="/Users/oliver/Projects/dev2/platform/src/Administration/Resources/app/administration/src/app/component/base/sw-avatar/index.js" />
</testsuite>
<testsuite package="org.eslint" time="0" tests="1" errors="0" name="/Users/oliver/Projects/dev2/platform/src/Administration/Resources/app/administration/src/app/component/base/sw-button-group/index.js">
<testcase time="0" name="/Users/oliver/Projects/dev2/platform/src/Administration/Resources/app/administration/src/app/component/base/sw-button-group/index.js" />
</testsuite>
<testsuite package="org.eslint" time="0" tests="1" errors="0" name="/Users/oliver/Projects/dev2/platform/src/Administration/Resources/app/administration/src/app/component/base/sw-button-process/index.js">
<testcase time="0" name="/Users/oliver/Projects/dev2/platform/src/Administration/Resources/app/administration/src/app/component/base/sw-button-process/index.js" />
</testsuite>
<testsuite package="org.eslint" time="0" tests="1" errors="0" name="/Users/oliver/Projects/dev2/platform/src/Administration/Resources/app/administration/src/app/component/base/sw-button/index.js">
<testcase time="0" name="/Users/oliver/Projects/dev2/platform/src/Administration/Resources/app/administration/src/app/component/base/sw-button/index.js" />
</testsuite>
<testsuite package="org.eslint" time="0" tests="1" errors="0" name="/Users/oliver/Projects/dev2/platform/src/Administration/Resources/app/administration/src/app/component/base/sw-card-filter/index.js">
<testcase time="0" name="/Users/oliver/Projects/dev2/platform/src/Administration/Resources/app/administration/src/app/component/base/sw-card-filter/index.js" />
</testsuite>
<testsuite package="org.eslint" time="0" tests="1" errors="0" name="/Users/oliver/Projects/dev2/platform/src/Administration/Resources/app/administration/src/app/component/base/sw-card-section/index.js">
<testcase time="0" name="/Users/oliver/Projects/dev2/platform/src/Administration/Resources/app/administration/src/app/component/base/sw-card-section/index.js" />
</testsuite>
<testsuite package="org.eslint" time="0" tests="1" errors="0" name="/Users/oliver/Projects/dev2/platform/src/Administration/Resources/app/administration/src/app/component/base/sw-card/index.js">
<testcase time="0" name="/Users/oliver/Projects/dev2/platform/src/Administration/Resources/app/administration/src/app/component/base/sw-card/index.js" />
</testsuite>
<testsuite package="org.eslint" time="0" tests="1" errors="0" name="/Users/oliver/Projects/dev2/platform/src/Administration/Resources/app/administration/src/app/component/base/sw-chart/index.js">
<testcase time="0" name="/Users/oliver/Projects/dev2/platform/src/Administration/Resources/app/administration/src/app/component/base/sw-chart/index.js" />
</testsuite>
<testsuite package="org.eslint" time="0" tests="1" errors="0" name="/Users/oliver/Projects/dev2/platform/src/Administration/Resources/app/administration/src/app/component/base/sw-collapse/index.js">
<testcase time="0" name="/Users/oliver/Projects/dev2/platform/src/Administration/Resources/app/administration/src/app/component/base/sw-collapse/index.js" />
</testsuite>
<testsuite package="org.eslint" time="0" tests="1" errors="0" name="/Users/oliver/Projects/dev2/platform/src/Administration/Resources/app/administration/src/app/component/base/sw-container/index.js">
<testcase time="0" name="/Users/oliver/Projects/dev2/platform/src/Administration/Resources/app/administration/src/app/component/base/sw-container/index.js" />
</testsuite>
<testsuite package="org.eslint" time="0" tests="1" errors="0" name="/Users/oliver/Projects/dev2/platform/src/Administration/Resources/app/administration/src/app/component/base/sw-description-list/index.js">
<testcase time="0" name="/Users/oliver/Projects/dev2/platform/src/Administration/Resources/app/administration/src/app/component/base/sw-description-list/index.js" />
</testsuite>
<testsuite package="org.eslint" time="0" tests="1" errors="0" name="/Users/oliver/Projects/dev2/platform/src/Administration/Resources/app/administration/src/app/component/base/sw-empty-state/index.js">
<testcase time="0" name="/Users/oliver/Projects/dev2/platform/src/Administration/Resources/app/administration/src/app/component/base/sw-empty-state/index.js" />
</testsuite>
<testsuite package="org.eslint" time="0" tests="1" errors="0" name="/Users/oliver/Projects/dev2/platform/src/Administration/Resources/app/administration/src/app/component/base/sw-help-text/index.js">
<testcase time="0" name="/Users/oliver/Projects/dev2/platform/src/Administration/Resources/app/administration/src/app/component/base/sw-help-text/index.js" />
</testsuite>
<testsuite package="org.eslint" time="0" tests="1" errors="0" name="/Users/oliver/Projects/dev2/platform/src/Administration/Resources/app/administration/src/app/component/base/sw-highlight-text/index.js">
<testcase time="0" name="/Users/oliver/Projects/dev2/platform/src/Administration/Resources/app/administration/src/app/component/base/sw-highlight-text/index.js" />
</testsuite>
<testsuite package="org.eslint" time="0" tests="1" errors="0" name="/Users/oliver/Projects/dev2/platform/src/Administration/Resources/app/administration/src/app/component/base/sw-icon/index.js">
<testcase time="0" name="/Users/oliver/Projects/dev2/platform/src/Administration/Resources/app/administration/src/app/component/base/sw-icon/index.js" />
</testsuite>
<testsuite package="org.eslint" time="0" tests="1" errors="0" name="/Users/oliver/Projects/dev2/platform/src/Administration/Resources/app/administration/src/app/component/base/sw-inheritance-switch/index.js">
<testcase time="0" name="/Users/oliver/Projects/dev2/platform/src/Administration/Resources/app/administration/src/app/component/base/sw-inheritance-switch/index.js" />
</testsuite>
<testsuite package="org.eslint" time="0" tests="1" errors="0" name="/Users/oliver/Projects/dev2/platform/src/Administration/Resources/app/administration/src/app/component/base/sw-label/index.js">
<testcase time="0" name="/Users/oliver/Projects/dev2/platform/src/Administration/Resources/app/administration/src/app/component/base/sw-label/index.js" />
</testsuite>
<testsuite package="org.eslint" time="0" tests="1" errors="0" name="/Users/oliver/Projects/dev2/platform/src/Administration/Resources/app/administration/src/app/component/base/sw-modal/index.js">
<testcase time="0" name="/Users/oliver/Projects/dev2/platform/src/Administration/Resources/app/administration/src/app/component/base/sw-modal/index.js" />
</testsuite>
<testsuite package="org.eslint" time="0" tests="1" errors="0" name="/Users/oliver/Projects/dev2/platform/src/Administration/Resources/app/administration/src/app/component/base/sw-price-preview/index.js">
<testcase time="0" name="/Users/oliver/Projects/dev2/platform/src/Administration/Resources/app/administration/src/app/component/base/sw-price-preview/index.js" />
</testsuite>
<testsuite package="org.eslint" time="0" tests="1" errors="0" name="/Users/oliver/Projects/dev2/platform/src/Administration/Resources/app/administration/src/app/component/base/sw-product-image/index.js">
<testcase time="0" name="/Users/oliver/Projects/dev2/platform/src/Administration/Resources/app/administration/src/app/component/base/sw-product-image/index.js" />
</testsuite>
<testsuite package="org.eslint" time="0" tests="1" errors="0" name="/Users/oliver/Projects/dev2/platform/src/Administration/Resources/app/administration/src/app/component/base/sw-property-assignment/index.js">
<testcase time="0" name="/Users/oliver/Projects/dev2/platform/src/Administration/Resources/app/administration/src/app/component/base/sw-property-assignment/index.js" />
</testsuite>
<testsuite package="org.eslint" time="0" tests="1" errors="0" name="/Users/oliver/Projects/dev2/platform/src/Administration/Resources/app/administration/src/app/component/base/sw-property-search/index.js">
<testcase time="0" name="/Users/oliver/Projects/dev2/platform/src/Administration/Resources/app/administration/src/app/component/base/sw-property-search/index.js" />
</testsuite>
<testsuite package="org.eslint" time="0" tests="1" errors="0" name="/Users/oliver/Projects/dev2/platform/src/Administration/Resources/app/administration/src/app/component/base/sw-radio-panel/index.js">
<testcase time="0" name="/Users/oliver/Projects/dev2/platform/src/Administration/Resources/app/administration/src/app/component/base/sw-radio-panel/index.js" />
</testsuite>
<testsuite package="org.eslint" time="0" tests="1" errors="0" name="/Users/oliver/Projects/dev2/platform/src/Administration/Resources/app/administration/src/app/component/base/sw-rule-modal/index.js">
<testcase time="0" name="/Users/oliver/Projects/dev2/platform/src/Administration/Resources/app/administration/src/app/component/base/sw-rule-modal/index.js" />
</testsuite>
<testsuite package="org.eslint" time="0" tests="1" errors="0" name="/Users/oliver/Projects/dev2/platform/src/Administration/Resources/app/administration/src/app/component/base/sw-simple-search-field/index.js">
<testcase time="0" name="/Users/oliver/Projects/dev2/platform/src/Administration/Resources/app/administration/src/app/component/base/sw-simple-search-field/index.js" />
</testsuite>
<testsuite package="org.eslint" time="0" tests="1" errors="0" name="/Users/oliver/Projects/dev2/platform/src/Administration/Resources/app/administration/src/app/component/base/sw-tabs-item/index.js">
<testcase time="0" name="/Users/oliver/Projects/dev2/platform/src/Administration/Resources/app/administration/src/app/component/base/sw-tabs-item/index.js" />
</testsuite>
<testsuite package="org.eslint" time="0" tests="1" errors="0" name="/Users/oliver/Projects/dev2/platform/src/Administration/Resources/app/administration/src/app/component/base/sw-tabs/index.js">
<testcase time="0" name="/Users/oliver/Projects/dev2/platform/src/Administration/Resources/app/administration/src/app/component/base/sw-tabs/index.js" />
</testsuite>
<testsuite package="org.eslint" time="0" tests="1" errors="0" name="/Users/oliver/Projects/dev2/platform/src/Administration/Resources/app/administration/src/app/component/base/sw-user-card/index.js">
<testcase time="0" name="/Users/oliver/Projects/dev2/platform/src/Administration/Resources/app/administration/src/app/component/base/sw-user-card/index.js" />
</testsuite>
<testsuite package="org.eslint" time="0" tests="1" errors="0" name="/Users/oliver/Projects/dev2/platform/src/Administration/Resources/app/administration/src/app/component/base/sw-version/index.js">
<testcase time="0" name="/Users/oliver/Projects/dev2/platform/src/Administration/Resources/app/administration/src/app/component/base/sw-version/index.js" />
</testsuite>
<testsuite package="org.eslint" time="0" tests="1" errors="0" name="/Users/oliver/Projects/dev2/platform/src/Administration/Resources/app/administration/src/app/component/components.js">
<testcase time="0" name="/Users/oliver/Projects/dev2/platform/src/Administration/Resources/app/administration/src/app/component/components.js" />
</testsuite>
<testsuite package="org.eslint" time="0" tests="1" errors="0" name="/Users/oliver/Projects/dev2/platform/src/Administration/Resources/app/administration/src/app/component/context-menu/sw-context-button/index.js">
<testcase time="0" name="/Users/oliver/Projects/dev2/platform/src/Administration/Resources/app/administration/src/app/component/context-menu/sw-context-button/index.js" />
</testsuite>
<testsuite package="org.eslint" time="0" tests="1" errors="0" name="/Users/oliver/Projects/dev2/platform/src/Administration/Resources/app/administration/src/app/component/context-menu/sw-context-menu-divider/index.js">
<testcase time="0" name="/Users/oliver/Projects/dev2/platform/src/Administration/Resources/app/administration/src/app/component/context-menu/sw-context-menu-divider/index.js" />
</testsuite>
<testsuite package="org.eslint" time="0" tests="1" errors="0" name="/Users/oliver/Projects/dev2/platform/src/Administration/Resources/app/administration/src/app/component/context-menu/sw-context-menu-item/index.js">
<testcase time="0" name="/Users/oliver/Projects/dev2/platform/src/Administration/Resources/app/administration/src/app/component/context-menu/sw-context-menu-item/index.js" />
</testsuite>
<testsuite package="org.eslint" time="0" tests="1" errors="0" name="/Users/oliver/Projects/dev2/platform/src/Administration/Resources/app/administration/src/app/component/context-menu/sw-context-menu/index.js">
<testcase time="0" name="/Users/oliver/Projects/dev2/platform/src/Administration/Resources/app/administration/src/app/component/context-menu/sw-context-menu/index.js" />
</testsuite>
<testsuite package="org.eslint" time="0" tests="1" errors="0" name="/Users/oliver/Projects/dev2/platform/src/Administration/Resources/app/administration/src/app/component/data-grid/sw-data-grid-column-boolean/index.js">
<testcase time="0" name="/Users/oliver/Projects/dev2/platform/src/Administration/Resources/app/administration/src/app/component/data-grid/sw-data-grid-column-boolean/index.js" />
</testsuite>
<testsuite package="org.eslint" time="0" tests="1" errors="0" name="/Users/oliver/Projects/dev2/platform/src/Administration/Resources/app/administration/src/app/component/data-grid/sw-data-grid-column-position/index.js">
<testcase time="0" name="/Users/oliver/Projects/dev2/platform/src/Administration/Resources/app/administration/src/app/component/data-grid/sw-data-grid-column-position/index.js" />
</testsuite>
<testsuite package="org.eslint" time="0" tests="1" errors="0" name="/Users/oliver/Projects/dev2/platform/src/Administration/Resources/app/administration/src/app/component/data-grid/sw-data-grid-inline-edit/index.js">
<testcase time="0" name="/Users/oliver/Projects/dev2/platform/src/Administration/Resources/app/administration/src/app/component/data-grid/sw-data-grid-inline-edit/index.js" />
</testsuite>
<testsuite package="org.eslint" time="0" tests="1" errors="0" name="/Users/oliver/Projects/dev2/platform/src/Administration/Resources/app/administration/src/app/component/data-grid/sw-data-grid-settings/index.js">
<testcase time="0" name="/Users/oliver/Projects/dev2/platform/src/Administration/Resources/app/administration/src/app/component/data-grid/sw-data-grid-settings/index.js" />
</testsuite>
<testsuite package="org.eslint" time="0" tests="1" errors="0" name="/Users/oliver/Projects/dev2/platform/src/Administration/Resources/app/administration/src/app/component/data-grid/sw-data-grid-skeleton/index.js">
<testcase time="0" name="/Users/oliver/Projects/dev2/platform/src/Administration/Resources/app/administration/src/app/component/data-grid/sw-data-grid-skeleton/index.js" />
</testsuite>
<testsuite package="org.eslint" time="0" tests="1" errors="0" name="/Users/oliver/Projects/dev2/platform/src/Administration/Resources/app/administration/src/app/component/data-grid/sw-data-grid/index.js">
<testcase time="0" name="/Users/oliver/Projects/dev2/platform/src/Administration/Resources/app/administration/src/app/component/data-grid/sw-data-grid/index.js" />
</testsuite>
<testsuite package="org.eslint" time="0" tests="1" errors="0" name="/Users/oliver/Projects/dev2/platform/src/Administration/Resources/app/administration/src/app/component/entity/sw-category-tree-field/index.js">
<testcase time="0" name="/Users/oliver/Projects/dev2/platform/src/Administration/Resources/app/administration/src/app/component/entity/sw-category-tree-field/index.js" />
</testsuite>
<testsuite package="org.eslint" time="0" tests="1" errors="0" name="/Users/oliver/Projects/dev2/platform/src/Administration/Resources/app/administration/src/app/component/entity/sw-entity-listing/index.js">
<testcase time="0" name="/Users/oliver/Projects/dev2/platform/src/Administration/Resources/app/administration/src/app/component/entity/sw-entity-listing/index.js" />
</testsuite>
<testsuite package="org.eslint" time="0" tests="1" errors="0" name="/Users/oliver/Projects/dev2/platform/src/Administration/Resources/app/administration/src/app/component/entity/sw-many-to-many-assignment-card/index.js">
<testcase time="0" name="/Users/oliver/Projects/dev2/platform/src/Administration/Resources/app/administration/src/app/component/entity/sw-many-to-many-assignment-card/index.js" />
</testsuite>
<testsuite package="org.eslint" time="0" tests="1" errors="0" name="/Users/oliver/Projects/dev2/platform/src/Administration/Resources/app/administration/src/app/component/entity/sw-one-to-many-grid/index.js">
<testcase time="0" name="/Users/oliver/Projects/dev2/platform/src/Administration/Resources/app/administration/src/app/component/entity/sw-one-to-many-grid/index.js" />
</testsuite>
<testsuite package="org.eslint" time="0" tests="1" errors="0" name="/Users/oliver/Projects/dev2/platform/src/Administration/Resources/app/administration/src/app/component/form/field-base/sw-base-field/index.js">
<testcase time="0" name="/Users/oliver/Projects/dev2/platform/src/Administration/Resources/app/administration/src/app/component/form/field-base/sw-base-field/index.js" />
</testsuite>
<testsuite package="org.eslint" time="0" tests="1" errors="0" name="/Users/oliver/Projects/dev2/platform/src/Administration/Resources/app/administration/src/app/component/form/field-base/sw-block-field/index.js">
<testcase time="0" name="/Users/oliver/Projects/dev2/platform/src/Administration/Resources/app/administration/src/app/component/form/field-base/sw-block-field/index.js" />
</testsuite>
<testsuite package="org.eslint" time="0" tests="1" errors="0" name="/Users/oliver/Projects/dev2/platform/src/Administration/Resources/app/administration/src/app/component/form/field-base/sw-contextual-field/index.js">
<testcase time="0" name="/Users/oliver/Projects/dev2/platform/src/Administration/Resources/app/administration/src/app/component/form/field-base/sw-contextual-field/index.js" />
</testsuite>
<testsuite package="org.eslint" time="0" tests="1" errors="0" name="/Users/oliver/Projects/dev2/platform/src/Administration/Resources/app/administration/src/app/component/form/field-base/sw-field-error/index.js">
<testcase time="0" name="/Users/oliver/Projects/dev2/platform/src/Administration/Resources/app/administration/src/app/component/form/field-base/sw-field-error/index.js" />
</testsuite>
<testsuite package="org.eslint" time="0" tests="1" errors="0" name="/Users/oliver/Projects/dev2/platform/src/Administration/Resources/app/administration/src/app/component/form/select/base/sw-multi-select/index.js">
<testcase time="0" name="/Users/oliver/Projects/dev2/platform/src/Administration/Resources/app/administration/src/app/component/form/select/base/sw-multi-select/index.js" />
</testsuite>
<testsuite package="org.eslint" time="0" tests="1" errors="0" name="/Users/oliver/Projects/dev2/platform/src/Administration/Resources/app/administration/src/app/component/form/select/base/sw-select-base/index.js">
<testcase time="0" name="/Users/oliver/Projects/dev2/platform/src/Administration/Resources/app/administration/src/app/component/form/select/base/sw-select-base/index.js" />
</testsuite>
<testsuite package="org.eslint" time="0" tests="1" errors="0" name="/Users/oliver/Projects/dev2/platform/src/Administration/Resources/app/administration/src/app/component/form/select/base/sw-select-result-list/index.js">
<testcase time="0" name="/Users/oliver/Projects/dev2/platform/src/Administration/Resources/app/administration/src/app/component/form/select/base/sw-select-result-list/index.js" />
</testsuite>
<testsuite package="org.eslint" time="0" tests="1" errors="0" name="/Users/oliver/Projects/dev2/platform/src/Administration/Resources/app/administration/src/app/component/form/select/base/sw-select-result/index.js">
<testcase time="0" name="/Users/oliver/Projects/dev2/platform/src/Administration/Resources/app/administration/src/app/component/form/select/base/sw-select-result/index.js" />
</testsuite>
<testsuite package="org.eslint" time="0" tests="1" errors="0" name="/Users/oliver/Projects/dev2/platform/src/Administration/Resources/app/administration/src/app/component/form/select/base/sw-select-selection-list/index.js">
<testcase time="0" name="/Users/oliver/Projects/dev2/platform/src/Administration/Resources/app/administration/src/app/component/form/select/base/sw-select-selection-list/index.js" />
</testsuite>
<testsuite package="org.eslint" time="0" tests="1" errors="0" name="/Users/oliver/Projects/dev2/platform/src/Administration/Resources/app/administration/src/app/component/form/select/base/sw-single-select/index.js">
<testcase time="0" name="/Users/oliver/Projects/dev2/platform/src/Administration/Resources/app/administration/src/app/component/form/select/base/sw-single-select/index.js" />
</testsuite>
<testsuite package="org.eslint" time="0" tests="1" errors="0" name="/Users/oliver/Projects/dev2/platform/src/Administration/Resources/app/administration/src/app/component/form/select/entity/sw-entity-many-to-many-select/index.js">
<testcase time="0" name="/Users/oliver/Projects/dev2/platform/src/Administration/Resources/app/administration/src/app/component/form/select/entity/sw-entity-many-to-many-select/index.js" />
</testsuite>
<testsuite package="org.eslint" time="0" tests="1" errors="0" name="/Users/oliver/Projects/dev2/platform/src/Administration/Resources/app/administration/src/app/component/form/select/entity/sw-entity-multi-select/index.js">
<testcase time="0" name="/Users/oliver/Projects/dev2/platform/src/Administration/Resources/app/administration/src/app/component/form/select/entity/sw-entity-multi-select/index.js" />
</testsuite>
<testsuite package="org.eslint" time="0" tests="1" errors="0" name="/Users/oliver/Projects/dev2/platform/src/Administration/Resources/app/administration/src/app/component/form/select/entity/sw-entity-single-select/index.js">
<testcase time="0" name="/Users/oliver/Projects/dev2/platform/src/Administration/Resources/app/administration/src/app/component/form/select/entity/sw-entity-single-select/index.js" />
</testsuite>
<testsuite package="org.eslint" time="0" tests="1" errors="0" name="/Users/oliver/Projects/dev2/platform/src/Administration/Resources/app/administration/src/app/component/form/select/entity/sw-entity-tag-select/index.js">
<testcase time="0" name="/Users/oliver/Projects/dev2/platform/src/Administration/Resources/app/administration/src/app/component/form/select/entity/sw-entity-tag-select/index.js" />
</testsuite>
<testsuite package="org.eslint" time="0" tests="1" errors="0" name="/Users/oliver/Projects/dev2/platform/src/Administration/Resources/app/administration/src/app/component/form/sw-boolean-radio-group/index.js">
<testcase time="0" name="/Users/oliver/Projects/dev2/platform/src/Administration/Resources/app/administration/src/app/component/form/sw-boolean-radio-group/index.js" />
</testsuite>
<testsuite package="org.eslint" time="0" tests="1" errors="0" name="/Users/oliver/Projects/dev2/platform/src/Administration/Resources/app/administration/src/app/component/form/sw-checkbox-field/index.js">
<testcase time="0" name="/Users/oliver/Projects/dev2/platform/src/Administration/Resources/app/administration/src/app/component/form/sw-checkbox-field/index.js" />
</testsuite>
<testsuite package="org.eslint" time="0" tests="1" errors="0" name="/Users/oliver/Projects/dev2/platform/src/Administration/Resources/app/administration/src/app/component/form/sw-code-editor/index.js">
<testcase time="0" name="/Users/oliver/Projects/dev2/platform/src/Administration/Resources/app/administration/src/app/component/form/sw-code-editor/index.js" />
</testsuite>
<testsuite package="org.eslint" time="0" tests="1" errors="0" name="/Users/oliver/Projects/dev2/platform/src/Administration/Resources/app/administration/src/app/component/form/sw-colorpicker/index.js">
<testcase time="0" name="/Users/oliver/Projects/dev2/platform/src/Administration/Resources/app/administration/src/app/component/form/sw-colorpicker/index.js" />
</testsuite>
<testsuite package="org.eslint" time="0" tests="1" errors="0" name="/Users/oliver/Projects/dev2/platform/src/Administration/Resources/app/administration/src/app/component/form/sw-compact-colorpicker/index.js">
<testcase time="0" name="/Users/oliver/Projects/dev2/platform/src/Administration/Resources/app/administration/src/app/component/form/sw-compact-colorpicker/index.js" />
</testsuite>
<testsuite package="org.eslint" time="0" tests="1" errors="0" name="/Users/oliver/Projects/dev2/platform/src/Administration/Resources/app/administration/src/app/component/form/sw-condition-tree/index.js">
<testcase time="0" name="/Users/oliver/Projects/dev2/platform/src/Administration/Resources/app/administration/src/app/component/form/sw-condition-tree/index.js" />
</testsuite>
<testsuite package="org.eslint" time="0" tests="1" errors="0" name="/Users/oliver/Projects/dev2/platform/src/Administration/Resources/app/administration/src/app/component/form/sw-condition-tree/sw-condition-and-container/index.js">
<testcase time="0" name="/Users/oliver/Projects/dev2/platform/src/Administration/Resources/app/administration/src/app/component/form/sw-condition-tree/sw-condition-and-container/index.js" />
</testsuite>
<testsuite package="org.eslint" time="0" tests="1" errors="0" name="/Users/oliver/Projects/dev2/platform/src/Administration/Resources/app/administration/src/app/component/form/sw-condition-tree/sw-condition-base/index.js">
<testcase time="0" name="/Users/oliver/Projects/dev2/platform/src/Administration/Resources/app/administration/src/app/component/form/sw-condition-tree/sw-condition-base/index.js" />
</testsuite>
<testsuite package="org.eslint" time="0" tests="1" errors="0" name="/Users/oliver/Projects/dev2/platform/src/Administration/Resources/app/administration/src/app/component/form/sw-condition-tree/sw-condition-or-container/index.js">
<testcase time="0" name="/Users/oliver/Projects/dev2/platform/src/Administration/Resources/app/administration/src/app/component/form/sw-condition-tree/sw-condition-or-container/index.js" />
</testsuite>
<testsuite package="org.eslint" time="0" tests="1" errors="0" name="/Users/oliver/Projects/dev2/platform/src/Administration/Resources/app/administration/src/app/component/form/sw-condition-value/index.js">
<testcase time="0" name="/Users/oliver/Projects/dev2/platform/src/Administration/Resources/app/administration/src/app/component/form/sw-condition-value/index.js" />
</testsuite>
<testsuite package="org.eslint" time="0" tests="1" errors="0" name="/Users/oliver/Projects/dev2/platform/src/Administration/Resources/app/administration/src/app/component/form/sw-confirm-field/index.js">
<testcase time="0" name="/Users/oliver/Projects/dev2/platform/src/Administration/Resources/app/administration/src/app/component/form/sw-confirm-field/index.js" />
</testsuite>
<testsuite package="org.eslint" time="0" tests="1" errors="0" name="/Users/oliver/Projects/dev2/platform/src/Administration/Resources/app/administration/src/app/component/form/sw-custom-field-set-renderer/index.js">
<testcase time="0" name="/Users/oliver/Projects/dev2/platform/src/Administration/Resources/app/administration/src/app/component/form/sw-custom-field-set-renderer/index.js" />
</testsuite>
<testsuite package="org.eslint" time="0" tests="1" errors="0" name="/Users/oliver/Projects/dev2/platform/src/Administration/Resources/app/administration/src/app/component/form/sw-datepicker/index.js">
<testcase time="0" name="/Users/oliver/Projects/dev2/platform/src/Administration/Resources/app/administration/src/app/component/form/sw-datepicker/index.js" />
</testsuite>
<testsuite package="org.eslint" time="0" tests="1" errors="0" name="/Users/oliver/Projects/dev2/platform/src/Administration/Resources/app/administration/src/app/component/form/sw-field-copyable/index.js">
<testcase time="0" name="/Users/oliver/Projects/dev2/platform/src/Administration/Resources/app/administration/src/app/component/form/sw-field-copyable/index.js" />
</testsuite>
<testsuite package="org.eslint" time="0" tests="1" errors="0" name="/Users/oliver/Projects/dev2/platform/src/Administration/Resources/app/administration/src/app/component/form/sw-field/index.js">
<testcase time="0" name="/Users/oliver/Projects/dev2/platform/src/Administration/Resources/app/administration/src/app/component/form/sw-field/index.js" />
</testsuite>
<testsuite package="org.eslint" time="0" tests="1" errors="0" name="/Users/oliver/Projects/dev2/platform/src/Administration/Resources/app/administration/src/app/component/form/sw-file-input/index.js">
<testcase time="0" name="/Users/oliver/Projects/dev2/platform/src/Administration/Resources/app/administration/src/app/component/form/sw-file-input/index.js" />
</testsuite>
<testsuite package="org.eslint" time="0" tests="1" errors="0" name="/Users/oliver/Projects/dev2/platform/src/Administration/Resources/app/administration/src/app/component/form/sw-form-field-renderer/index.js">
<testcase time="0" name="/Users/oliver/Projects/dev2/platform/src/Administration/Resources/app/administration/src/app/component/form/sw-form-field-renderer/index.js" />
</testsuite>
<testsuite package="org.eslint" time="0" tests="1" errors="0" name="/Users/oliver/Projects/dev2/platform/src/Administration/Resources/app/administration/src/app/component/form/sw-maintain-currencies-modal/index.js">
<testcase time="0" name="/Users/oliver/Projects/dev2/platform/src/Administration/Resources/app/administration/src/app/component/form/sw-maintain-currencies-modal/index.js" />
</testsuite>
<testsuite package="org.eslint" time="0" tests="1" errors="0" name="/Users/oliver/Projects/dev2/platform/src/Administration/Resources/app/administration/src/app/component/form/sw-number-field/index.js">
<testcase time="0" name="/Users/oliver/Projects/dev2/platform/src/Administration/Resources/app/administration/src/app/component/form/sw-number-field/index.js" />
</testsuite>
<testsuite package="org.eslint" time="0" tests="1" errors="0" name="/Users/oliver/Projects/dev2/platform/src/Administration/Resources/app/administration/src/app/component/form/sw-password-field/index.js">
<testcase time="0" name="/Users/oliver/Projects/dev2/platform/src/Administration/Resources/app/administration/src/app/component/form/sw-password-field/index.js" />
</testsuite>
<testsuite package="org.eslint" time="0" tests="1" errors="0" name="/Users/oliver/Projects/dev2/platform/src/Administration/Resources/app/administration/src/app/component/form/sw-price-field/index.js">
<testcase time="0" name="/Users/oliver/Projects/dev2/platform/src/Administration/Resources/app/administration/src/app/component/form/sw-price-field/index.js" />
</testsuite>
<testsuite package="org.eslint" time="0" tests="1" errors="0" name="/Users/oliver/Projects/dev2/platform/src/Administration/Resources/app/administration/src/app/component/form/sw-radio-field/index.js">
<testcase time="0" name="/Users/oliver/Projects/dev2/platform/src/Administration/Resources/app/administration/src/app/component/form/sw-radio-field/index.js" />
</testsuite>
<testsuite package="org.eslint" time="0" tests="1" errors="0" name="/Users/oliver/Projects/dev2/platform/src/Administration/Resources/app/administration/src/app/component/form/sw-select-field/index.js">
<testcase time="0" name="/Users/oliver/Projects/dev2/platform/src/Administration/Resources/app/administration/src/app/component/form/sw-select-field/index.js" />
</testsuite>
<testsuite package="org.eslint" time="0" tests="1" errors="0" name="/Users/oliver/Projects/dev2/platform/src/Administration/Resources/app/administration/src/app/component/form/sw-select-option/index.js">
<testcase time="0" name="/Users/oliver/Projects/dev2/platform/src/Administration/Resources/app/administration/src/app/component/form/sw-select-option/index.js" />
</testsuite>
<testsuite package="org.eslint" time="0" tests="1" errors="0" name="/Users/oliver/Projects/dev2/platform/src/Administration/Resources/app/administration/src/app/component/form/sw-select-rule-create/index.js">
<testcase time="0" name="/Users/oliver/Projects/dev2/platform/src/Administration/Resources/app/administration/src/app/component/form/sw-select-rule-create/index.js" />
</testsuite>
<testsuite package="org.eslint" time="0" tests="1" errors="0" name="/Users/oliver/Projects/dev2/platform/src/Administration/Resources/app/administration/src/app/component/form/sw-select/index.js">
<testcase time="0" name="/Users/oliver/Projects/dev2/platform/src/Administration/Resources/app/administration/src/app/component/form/sw-select/index.js" />
</testsuite>
<testsuite package="org.eslint" time="0" tests="1" errors="0" name="/Users/oliver/Projects/dev2/platform/src/Administration/Resources/app/administration/src/app/component/form/sw-switch-field/index.js">
<testcase time="0" name="/Users/oliver/Projects/dev2/platform/src/Administration/Resources/app/administration/src/app/component/form/sw-switch-field/index.js" />
</testsuite>
<testsuite package="org.eslint" time="0" tests="1" errors="0" name="/Users/oliver/Projects/dev2/platform/src/Administration/Resources/app/administration/src/app/component/form/sw-tag-field/index.js">
<testcase time="0" name="/Users/oliver/Projects/dev2/platform/src/Administration/Resources/app/administration/src/app/component/form/sw-tag-field/index.js" />
</testsuite>
<testsuite package="org.eslint" time="0" tests="1" errors="0" name="/Users/oliver/Projects/dev2/platform/src/Administration/Resources/app/administration/src/app/component/form/sw-tagged-field/index.js">
<testcase time="0" name="/Users/oliver/Projects/dev2/platform/src/Administration/Resources/app/administration/src/app/component/form/sw-tagged-field/index.js" />
</testsuite>
<testsuite package="org.eslint" time="0" tests="1" errors="0" name="/Users/oliver/Projects/dev2/platform/src/Administration/Resources/app/administration/src/app/component/form/sw-text-editor/index.js">
<testcase time="0" name="/Users/oliver/Projects/dev2/platform/src/Administration/Resources/app/administration/src/app/component/form/sw-text-editor/index.js" />
</testsuite>
<testsuite package="org.eslint" time="0" tests="1" errors="0" name="/Users/oliver/Projects/dev2/platform/src/Administration/Resources/app/administration/src/app/component/form/sw-text-editor/sw-text-editor-table-toolbar/index.js">
<testcase time="0" name="/Users/oliver/Projects/dev2/platform/src/Administration/Resources/app/administration/src/app/component/form/sw-text-editor/sw-text-editor-table-toolbar/index.js" />
</testsuite>
<testsuite package="org.eslint" time="0" tests="1" errors="0" name="/Users/oliver/Projects/dev2/platform/src/Administration/Resources/app/administration/src/app/component/form/sw-text-editor/sw-text-editor-toolbar-button/index.js">
<testcase time="0" name="/Users/oliver/Projects/dev2/platform/src/Administration/Resources/app/administration/src/app/component/form/sw-text-editor/sw-text-editor-toolbar-button/index.js" />
</testsuite>
<testsuite package="org.eslint" time="0" tests="1" errors="0" name="/Users/oliver/Projects/dev2/platform/src/Administration/Resources/app/administration/src/app/component/form/sw-text-editor/sw-text-editor-toolbar-table-button/index.js">
<testcase time="0" name="/Users/oliver/Projects/dev2/platform/src/Administration/Resources/app/administration/src/app/component/form/sw-text-editor/sw-text-editor-toolbar-table-button/index.js" />
</testsuite>
<testsuite package="org.eslint" time="0" tests="1" errors="0" name="/Users/oliver/Projects/dev2/platform/src/Administration/Resources/app/administration/src/app/component/form/sw-text-editor/sw-text-editor-toolbar/index.js">
<testcase time="0" name="/Users/oliver/Projects/dev2/platform/src/Administration/Resources/app/administration/src/app/component/form/sw-text-editor/sw-text-editor-toolbar/index.js" />
</testsuite>
<testsuite package="org.eslint" time="0" tests="1" errors="0" name="/Users/oliver/Projects/dev2/platform/src/Administration/Resources/app/administration/src/app/component/form/sw-text-field/index.js">
<testcase time="0" name="/Users/oliver/Projects/dev2/platform/src/Administration/Resources/app/administration/src/app/component/form/sw-text-field/index.js" />
</testsuite>
<testsuite package="org.eslint" time="0" tests="1" errors="0" name="/Users/oliver/Projects/dev2/platform/src/Administration/Resources/app/administration/src/app/component/form/sw-textarea-field/index.js">
<testcase time="0" name="/Users/oliver/Projects/dev2/platform/src/Administration/Resources/app/administration/src/app/component/form/sw-textarea-field/index.js" />
</testsuite>
<testsuite package="org.eslint" time="0" tests="1" errors="0" name="/Users/oliver/Projects/dev2/platform/src/Administration/Resources/app/administration/src/app/component/form/sw-url-field/index.js">
<testcase time="0" name="/Users/oliver/Projects/dev2/platform/src/Administration/Resources/app/administration/src/app/component/form/sw-url-field/index.js" />
</testsuite>
<testsuite package="org.eslint" time="0" tests="1" errors="0" name="/Users/oliver/Projects/dev2/platform/src/Administration/Resources/app/administration/src/app/component/grid/sw-grid-column/index.js">
<testcase time="0" name="/Users/oliver/Projects/dev2/platform/src/Administration/Resources/app/administration/src/app/component/grid/sw-grid-column/index.js" />
</testsuite>
<testsuite package="org.eslint" time="0" tests="1" errors="0" name="/Users/oliver/Projects/dev2/platform/src/Administration/Resources/app/administration/src/app/component/grid/sw-grid-row/index.js">
<testcase time="0" name="/Users/oliver/Projects/dev2/platform/src/Administration/Resources/app/administration/src/app/component/grid/sw-grid-row/index.js" />
</testsuite>
<testsuite package="org.eslint" time="0" tests="1" errors="0" name="/Users/oliver/Projects/dev2/platform/src/Administration/Resources/app/administration/src/app/component/grid/sw-grid/index.js">
<testcase time="0" name="/Users/oliver/Projects/dev2/platform/src/Administration/Resources/app/administration/src/app/component/grid/sw-grid/index.js" />
</testsuite>
<testsuite package="org.eslint" time="0" tests="1" errors="0" name="/Users/oliver/Projects/dev2/platform/src/Administration/Resources/app/administration/src/app/component/grid/sw-pagination/index.js">
<testcase time="0" name="/Users/oliver/Projects/dev2/platform/src/Administration/Resources/app/administration/src/app/component/grid/sw-pagination/index.js" />
</testsuite>
<testsuite package="org.eslint" time="0" tests="1" errors="0" name="/Users/oliver/Projects/dev2/platform/src/Administration/Resources/app/administration/src/app/component/media/sw-media-add-thumbnail-form/index.js">
<testcase time="0" name="/Users/oliver/Projects/dev2/platform/src/Administration/Resources/app/administration/src/app/component/media/sw-media-add-thumbnail-form/index.js" />
</testsuite>
<testsuite package="org.eslint" time="0" tests="1" errors="0" name="/Users/oliver/Projects/dev2/platform/src/Administration/Resources/app/administration/src/app/component/media/sw-media-base-item/index.js">
<testcase time="0" name="/Users/oliver/Projects/dev2/platform/src/Administration/Resources/app/administration/src/app/component/media/sw-media-base-item/index.js" />
</testsuite>
<testsuite package="org.eslint" time="0" tests="1" errors="0" name="/Users/oliver/Projects/dev2/platform/src/Administration/Resources/app/administration/src/app/component/media/sw-media-compact-upload/index.js">
<testcase time="0" name="/Users/oliver/Projects/dev2/platform/src/Administration/Resources/app/administration/src/app/component/media/sw-media-compact-upload/index.js" />
</testsuite>
<testsuite package="org.eslint" time="0" tests="1" errors="0" name="/Users/oliver/Projects/dev2/platform/src/Administration/Resources/app/administration/src/app/component/media/sw-media-entity-mapper/index.js">
<testcase time="0" name="/Users/oliver/Projects/dev2/platform/src/Administration/Resources/app/administration/src/app/component/media/sw-media-entity-mapper/index.js" />
</testsuite>
<testsuite package="org.eslint" time="0" tests="1" errors="0" name="/Users/oliver/Projects/dev2/platform/src/Administration/Resources/app/administration/src/app/component/media/sw-media-field/index.js">
<testcase time="0" name="/Users/oliver/Projects/dev2/platform/src/Administration/Resources/app/administration/src/app/component/media/sw-media-field/index.js" />
</testsuite>
<testsuite package="org.eslint" time="0" tests="1" errors="0" name="/Users/oliver/Projects/dev2/platform/src/Administration/Resources/app/administration/src/app/component/media/sw-media-folder-content/index.js">
<testcase time="0" name="/Users/oliver/Projects/dev2/platform/src/Administration/Resources/app/administration/src/app/component/media/sw-media-folder-content/index.js" />
</testsuite>
<testsuite package="org.eslint" time="0" tests="1" errors="0" name="/Users/oliver/Projects/dev2/platform/src/Administration/Resources/app/administration/src/app/component/media/sw-media-folder-item/index.js">
<testcase time="0" name="/Users/oliver/Projects/dev2/platform/src/Administration/Resources/app/administration/src/app/component/media/sw-media-folder-item/index.js" />
</testsuite>
<testsuite package="org.eslint" time="0" tests="1" errors="0" name="/Users/oliver/Projects/dev2/platform/src/Administration/Resources/app/administration/src/app/component/media/sw-media-list-selection-item/index.js">
<testcase time="0" name="/Users/oliver/Projects/dev2/platform/src/Administration/Resources/app/administration/src/app/component/media/sw-media-list-selection-item/index.js" />
</testsuite>
<testsuite package="org.eslint" time="0" tests="1" errors="0" name="/Users/oliver/Projects/dev2/platform/src/Administration/Resources/app/administration/src/app/component/media/sw-media-list-selection/index.js">
<testcase time="0" name="/Users/oliver/Projects/dev2/platform/src/Administration/Resources/app/administration/src/app/component/media/sw-media-list-selection/index.js" />
</testsuite>
<testsuite package="org.eslint" time="0" tests="1" errors="0" name="/Users/oliver/Projects/dev2/platform/src/Administration/Resources/app/administration/src/app/component/media/sw-media-media-item/index.js">
<testcase time="0" name="/Users/oliver/Projects/dev2/platform/src/Administration/Resources/app/administration/src/app/component/media/sw-media-media-item/index.js" />
</testsuite>
<testsuite package="org.eslint" time="0" tests="1" errors="0" name="/Users/oliver/Projects/dev2/platform/src/Administration/Resources/app/administration/src/app/component/media/sw-media-modal-delete/index.js">
<testcase time="0" name="/Users/oliver/Projects/dev2/platform/src/Administration/Resources/app/administration/src/app/component/media/sw-media-modal-delete/index.js" />
</testsuite>
<testsuite package="org.eslint" time="0" tests="1" errors="0" name="/Users/oliver/Projects/dev2/platform/src/Administration/Resources/app/administration/src/app/component/media/sw-media-modal-folder-dissolve/index.js">
<testcase time="0" name="/Users/oliver/Projects/dev2/platform/src/Administration/Resources/app/administration/src/app/component/media/sw-media-modal-folder-dissolve/index.js" />
</testsuite>
<testsuite package="org.eslint" time="0" tests="1" errors="0" name="/Users/oliver/Projects/dev2/platform/src/Administration/Resources/app/administration/src/app/component/media/sw-media-modal-folder-settings/index.js">
<testcase time="0" name="/Users/oliver/Projects/dev2/platform/src/Administration/Resources/app/administration/src/app/component/media/sw-media-modal-folder-settings/index.js" />
</testsuite>
<testsuite package="org.eslint" time="0" tests="1" errors="0" name="/Users/oliver/Projects/dev2/platform/src/Administration/Resources/app/administration/src/app/component/media/sw-media-modal-move/index.js">
<testcase time="0" name="/Users/oliver/Projects/dev2/platform/src/Administration/Resources/app/administration/src/app/component/media/sw-media-modal-move/index.js" />
</testsuite>
<testsuite package="org.eslint" time="0" tests="1" errors="0" name="/Users/oliver/Projects/dev2/platform/src/Administration/Resources/app/administration/src/app/component/media/sw-media-modal-replace/index.js">
<testcase time="0" name="/Users/oliver/Projects/dev2/platform/src/Administration/Resources/app/administration/src/app/component/media/sw-media-modal-replace/index.js" />
</testsuite>
<testsuite package="org.eslint" time="0" tests="1" errors="0" name="/Users/oliver/Projects/dev2/platform/src/Administration/Resources/app/administration/src/app/component/media/sw-media-preview/index.js">
<testcase time="0" name="/Users/oliver/Projects/dev2/platform/src/Administration/Resources/app/administration/src/app/component/media/sw-media-preview/index.js" />
</testsuite>
<testsuite package="org.eslint" time="0" tests="1" errors="0" name="/Users/oliver/Projects/dev2/platform/src/Administration/Resources/app/administration/src/app/component/media/sw-media-replace/index.js">
<testcase time="0" name="/Users/oliver/Projects/dev2/platform/src/Administration/Resources/app/administration/src/app/component/media/sw-media-replace/index.js" />
</testsuite>
<testsuite package="org.eslint" time="0" tests="1" errors="0" name="/Users/oliver/Projects/dev2/platform/src/Administration/Resources/app/administration/src/app/component/media/sw-media-upload/index.js">
<testcase time="0" name="/Users/oliver/Projects/dev2/platform/src/Administration/Resources/app/administration/src/app/component/media/sw-media-upload/index.js" />
</testsuite>
<testsuite package="org.eslint" time="0" tests="1" errors="0" name="/Users/oliver/Projects/dev2/platform/src/Administration/Resources/app/administration/src/app/component/media/sw-media-url-form/index.js">
<testcase time="0" name="/Users/oliver/Projects/dev2/platform/src/Administration/Resources/app/administration/src/app/component/media/sw-media-url-form/index.js" />
</testsuite>
<testsuite package="org.eslint" time="0" tests="1" errors="0" name="/Users/oliver/Projects/dev2/platform/src/Administration/Resources/app/administration/src/app/component/media/sw-sidebar-media-item/index.js">
<testcase time="0" name="/Users/oliver/Projects/dev2/platform/src/Administration/Resources/app/administration/src/app/component/media/sw-sidebar-media-item/index.js" />
</testsuite>
<testsuite package="org.eslint" time="0" tests="1" errors="0" name="/Users/oliver/Projects/dev2/platform/src/Administration/Resources/app/administration/src/app/component/sidebar/sw-sidebar-collapse/index.js">
<testcase time="0" name="/Users/oliver/Projects/dev2/platform/src/Administration/Resources/app/administration/src/app/component/sidebar/sw-sidebar-collapse/index.js" />
</testsuite>
<testsuite package="org.eslint" time="0" tests="1" errors="0" name="/Users/oliver/Projects/dev2/platform/src/Administration/Resources/app/administration/src/app/component/sidebar/sw-sidebar-item/index.js">
<testcase time="0" name="/Users/oliver/Projects/dev2/platform/src/Administration/Resources/app/administration/src/app/component/sidebar/sw-sidebar-item/index.js" />
</testsuite>
<testsuite package="org.eslint" time="0" tests="1" errors="0" name="/Users/oliver/Projects/dev2/platform/src/Administration/Resources/app/administration/src/app/component/sidebar/sw-sidebar-navigation-item/index.js">
<testcase time="0" name="/Users/oliver/Projects/dev2/platform/src/Administration/Resources/app/administration/src/app/component/sidebar/sw-sidebar-navigation-item/index.js" />
</testsuite>
<testsuite package="org.eslint" time="0" tests="1" errors="0" name="/Users/oliver/Projects/dev2/platform/src/Administration/Resources/app/administration/src/app/component/sidebar/sw-sidebar/index.js">
<testcase time="0" name="/Users/oliver/Projects/dev2/platform/src/Administration/Resources/app/administration/src/app/component/sidebar/sw-sidebar/index.js" />
</testsuite>
<testsuite package="org.eslint" time="0" tests="1" errors="0" name="/Users/oliver/Projects/dev2/platform/src/Administration/Resources/app/administration/src/app/component/structure/sw-admin-menu-item/index.js">
<testcase time="0" name="/Users/oliver/Projects/dev2/platform/src/Administration/Resources/app/administration/src/app/component/structure/sw-admin-menu-item/index.js" />
</testsuite>
<testsuite package="org.eslint" time="0" tests="1" errors="0" name="/Users/oliver/Projects/dev2/platform/src/Administration/Resources/app/administration/src/app/component/structure/sw-admin-menu/index.js">
<testcase time="0" name="/Users/oliver/Projects/dev2/platform/src/Administration/Resources/app/administration/src/app/component/structure/sw-admin-menu/index.js" />
</testsuite>
<testsuite package="org.eslint" time="0" tests="1" errors="0" name="/Users/oliver/Projects/dev2/platform/src/Administration/Resources/app/administration/src/app/component/structure/sw-admin/index.js">
<testcase time="0" name="/Users/oliver/Projects/dev2/platform/src/Administration/Resources/app/administration/src/app/component/structure/sw-admin/index.js" />
</testsuite>
<testsuite package="org.eslint" time="0" tests="1" errors="0" name="/Users/oliver/Projects/dev2/platform/src/Administration/Resources/app/administration/src/app/component/structure/sw-card-view/index.js">
<testcase time="0" name="/Users/oliver/Projects/dev2/platform/src/Administration/Resources/app/administration/src/app/component/structure/sw-card-view/index.js" />
</testsuite>
<testsuite package="org.eslint" time="0" tests="1" errors="0" name="/Users/oliver/Projects/dev2/platform/src/Administration/Resources/app/administration/src/app/component/structure/sw-desktop/index.js">
<testcase time="0" name="/Users/oliver/Projects/dev2/platform/src/Administration/Resources/app/administration/src/app/component/structure/sw-desktop/index.js" />
</testsuite>
<testsuite package="org.eslint" time="0" tests="1" errors="0" name="/Users/oliver/Projects/dev2/platform/src/Administration/Resources/app/administration/src/app/component/structure/sw-discard-changes-modal/index.js">
<testcase time="0" name="/Users/oliver/Projects/dev2/platform/src/Administration/Resources/app/administration/src/app/component/structure/sw-discard-changes-modal/index.js" />
</testsuite>
<testsuite package="org.eslint" time="0" tests="1" errors="0" name="/Users/oliver/Projects/dev2/platform/src/Administration/Resources/app/administration/src/app/component/structure/sw-error/index.js">
<testcase time="0" name="/Users/oliver/Projects/dev2/platform/src/Administration/Resources/app/administration/src/app/component/structure/sw-error/index.js" />
</testsuite>
<testsuite package="org.eslint" time="0" tests="1" errors="0" name="/Users/oliver/Projects/dev2/platform/src/Administration/Resources/app/administration/src/app/component/structure/sw-inheritance-warning/index.js">
<testcase time="0" name="/Users/oliver/Projects/dev2/platform/src/Administration/Resources/app/administration/src/app/component/structure/sw-inheritance-warning/index.js" />
</testsuite>
<testsuite package="org.eslint" time="0" tests="1" errors="0" name="/Users/oliver/Projects/dev2/platform/src/Administration/Resources/app/administration/src/app/component/structure/sw-language-info/index.js">
<testcase time="0" name="/Users/oliver/Projects/dev2/platform/src/Administration/Resources/app/administration/src/app/component/structure/sw-language-info/index.js" />
</testsuite>
<testsuite package="org.eslint" time="0" tests="1" errors="0" name="/Users/oliver/Projects/dev2/platform/src/Administration/Resources/app/administration/src/app/component/structure/sw-language-switch/index.js">
<testcase time="0" name="/Users/oliver/Projects/dev2/platform/src/Administration/Resources/app/administration/src/app/component/structure/sw-language-switch/index.js" />
</testsuite>
<testsuite package="org.eslint" time="0" tests="1" errors="0" name="/Users/oliver/Projects/dev2/platform/src/Administration/Resources/app/administration/src/app/component/structure/sw-page/index.js">
<testcase time="0" name="/Users/oliver/Projects/dev2/platform/src/Administration/Resources/app/administration/src/app/component/structure/sw-page/index.js" />
</testsuite>
<testsuite package="org.eslint" time="0" tests="1" errors="0" name="/Users/oliver/Projects/dev2/platform/src/Administration/Resources/app/administration/src/app/component/structure/sw-sales-channel-config/index.js">
<testcase time="0" name="/Users/oliver/Projects/dev2/platform/src/Administration/Resources/app/administration/src/app/component/structure/sw-sales-channel-config/index.js" />
</testsuite>
<testsuite package="org.eslint" time="0" tests="1" errors="0" name="/Users/oliver/Projects/dev2/platform/src/Administration/Resources/app/administration/src/app/component/structure/sw-sales-channel-switch/index.js">
<testcase time="0" name="/Users/oliver/Projects/dev2/platform/src/Administration/Resources/app/administration/src/app/component/structure/sw-sales-channel-switch/index.js" />
</testsuite>
<testsuite package="org.eslint" time="0" tests="1" errors="0" name="/Users/oliver/Projects/dev2/platform/src/Administration/Resources/app/administration/src/app/component/structure/sw-search-bar-item/index.js">
<testcase time="0" name="/Users/oliver/Projects/dev2/platform/src/Administration/Resources/app/administration/src/app/component/structure/sw-search-bar-item/index.js" />
</testsuite>
<testsuite package="org.eslint" time="0" tests="1" errors="0" name="/Users/oliver/Projects/dev2/platform/src/Administration/Resources/app/administration/src/app/component/structure/sw-search-bar/index.js">
<testcase time="0" name="/Users/oliver/Projects/dev2/platform/src/Administration/Resources/app/administration/src/app/component/structure/sw-search-bar/index.js" />
</testsuite>
<testsuite package="org.eslint" time="0" tests="1" errors="0" name="/Users/oliver/Projects/dev2/platform/src/Administration/Resources/app/administration/src/app/component/structure/sw-search-more-results/index.js">
<testcase time="0" name="/Users/oliver/Projects/dev2/platform/src/Administration/Resources/app/administration/src/app/component/structure/sw-search-more-results/index.js" />
</testsuite>
<testsuite package="org.eslint" time="0" tests="1" errors="0" name="/Users/oliver/Projects/dev2/platform/src/Administration/Resources/app/administration/src/app/component/tree/sw-tree-input-field/index.js">
<testcase time="0" name="/Users/oliver/Projects/dev2/platform/src/Administration/Resources/app/administration/src/app/component/tree/sw-tree-input-field/index.js" />
</testsuite>
<testsuite package="org.eslint" time="0" tests="1" errors="0" name="/Users/oliver/Projects/dev2/platform/src/Administration/Resources/app/administration/src/app/component/tree/sw-tree-item/index.js">
<testcase time="0" name="/Users/oliver/Projects/dev2/platform/src/Administration/Resources/app/administration/src/app/component/tree/sw-tree-item/index.js" />
</testsuite>
<testsuite package="org.eslint" time="0" tests="1" errors="0" name="/Users/oliver/Projects/dev2/platform/src/Administration/Resources/app/administration/src/app/component/tree/sw-tree/index.js">
<testcase time="0" name="/Users/oliver/Projects/dev2/platform/src/Administration/Resources/app/administration/src/app/component/tree/sw-tree/index.js" />
</testsuite>
<testsuite package="org.eslint" time="0" tests="1" errors="0" name="/Users/oliver/Projects/dev2/platform/src/Administration/Resources/app/administration/src/app/component/utils/sw-color-badge/index.js">
<testcase time="0" name="/Users/oliver/Projects/dev2/platform/src/Administration/Resources/app/administration/src/app/component/utils/sw-color-badge/index.js" />
</testsuite>
<testsuite package="org.eslint" time="0" tests="1" errors="0" name="/Users/oliver/Projects/dev2/platform/src/Administration/Resources/app/administration/src/app/component/utils/sw-duplicated-media/index.js">
<testcase time="0" name="/Users/oliver/Projects/dev2/platform/src/Administration/Resources/app/administration/src/app/component/utils/sw-duplicated-media/index.js" />
</testsuite>
<testsuite package="org.eslint" time="0" tests="1" errors="0" name="/Users/oliver/Projects/dev2/platform/src/Administration/Resources/app/administration/src/app/component/utils/sw-inherit-wrapper/index.js">
<testcase time="0" name="/Users/oliver/Projects/dev2/platform/src/Administration/Resources/app/administration/src/app/component/utils/sw-inherit-wrapper/index.js" />
</testsuite>
<testsuite package="org.eslint" time="0" tests="1" errors="0" name="/Users/oliver/Projects/dev2/platform/src/Administration/Resources/app/administration/src/app/component/utils/sw-license-violation/index.js">
<testcase time="0" name="/Users/oliver/Projects/dev2/platform/src/Administration/Resources/app/administration/src/app/component/utils/sw-license-violation/index.js" />
</testsuite>
<testsuite package="org.eslint" time="0" tests="1" errors="0" name="/Users/oliver/Projects/dev2/platform/src/Administration/Resources/app/administration/src/app/component/utils/sw-loader/index.js">
<testcase time="0" name="/Users/oliver/Projects/dev2/platform/src/Administration/Resources/app/administration/src/app/component/utils/sw-loader/index.js" />
</testsuite>
<testsuite package="org.eslint" time="0" tests="1" errors="0" name="/Users/oliver/Projects/dev2/platform/src/Administration/Resources/app/administration/src/app/component/utils/sw-notification-center-item/index.js">
<testcase time="0" name="/Users/oliver/Projects/dev2/platform/src/Administration/Resources/app/administration/src/app/component/utils/sw-notification-center-item/index.js" />
</testsuite>
<testsuite package="org.eslint" time="0" tests="1" errors="0" name="/Users/oliver/Projects/dev2/platform/src/Administration/Resources/app/administration/src/app/component/utils/sw-notification-center/index.js">
<testcase time="0" name="/Users/oliver/Projects/dev2/platform/src/Administration/Resources/app/administration/src/app/component/utils/sw-notification-center/index.js" />
</testsuite>
<testsuite package="org.eslint" time="0" tests="1" errors="0" name="/Users/oliver/Projects/dev2/platform/src/Administration/Resources/app/administration/src/app/component/utils/sw-notifications/index.js">
<testcase time="0" name="/Users/oliver/Projects/dev2/platform/src/Administration/Resources/app/administration/src/app/component/utils/sw-notifications/index.js" />
</testsuite>
<testsuite package="org.eslint" time="0" tests="1" errors="0" name="/Users/oliver/Projects/dev2/platform/src/Administration/Resources/app/administration/src/app/component/utils/sw-popover/index.js">
<testcase time="0" name="/Users/oliver/Projects/dev2/platform/src/Administration/Resources/app/administration/src/app/component/utils/sw-popover/index.js" />
</testsuite>
<testsuite package="org.eslint" time="0" tests="1" errors="0" name="/Users/oliver/Projects/dev2/platform/src/Administration/Resources/app/administration/src/app/component/utils/sw-progress-bar/index.js">
<testcase time="0" name="/Users/oliver/Projects/dev2/platform/src/Administration/Resources/app/administration/src/app/component/utils/sw-progress-bar/index.js" />
</testsuite>
<testsuite package="org.eslint" time="0" tests="1" errors="0" name="/Users/oliver/Projects/dev2/platform/src/Administration/Resources/app/administration/src/app/component/utils/sw-shortcut-overview-item/index.js">
<testcase time="0" name="/Users/oliver/Projects/dev2/platform/src/Administration/Resources/app/administration/src/app/component/utils/sw-shortcut-overview-item/index.js" />
</testsuite>
<testsuite package="org.eslint" time="0" tests="1" errors="0" name="/Users/oliver/Projects/dev2/platform/src/Administration/Resources/app/administration/src/app/component/utils/sw-shortcut-overview/index.js">
<testcase time="0" name="/Users/oliver/Projects/dev2/platform/src/Administration/Resources/app/administration/src/app/component/utils/sw-shortcut-overview/index.js" />
</testsuite>
<testsuite package="org.eslint" time="0" tests="1" errors="0" name="/Users/oliver/Projects/dev2/platform/src/Administration/Resources/app/administration/src/app/component/utils/sw-step-display/index.js">
<testcase time="0" name="/Users/oliver/Projects/dev2/platform/src/Administration/Resources/app/administration/src/app/component/utils/sw-step-display/index.js" />
</testsuite>
<testsuite package="org.eslint" time="0" tests="1" errors="0" name="/Users/oliver/Projects/dev2/platform/src/Administration/Resources/app/administration/src/app/component/utils/sw-step-item/index.js">
<testcase time="0" name="/Users/oliver/Projects/dev2/platform/src/Administration/Resources/app/administration/src/app/component/utils/sw-step-item/index.js" />
</testsuite>
<testsuite package="org.eslint" time="0" tests="1" errors="0" name="/Users/oliver/Projects/dev2/platform/src/Administration/Resources/app/administration/src/app/component/utils/sw-upload-store-listener/index.js">
<testcase time="0" name="/Users/oliver/Projects/dev2/platform/src/Administration/Resources/app/administration/src/app/component/utils/sw-upload-store-listener/index.js" />
</testsuite>
<testsuite package="org.eslint" time="0" tests="1" errors="0" name="/Users/oliver/Projects/dev2/platform/src/Administration/Resources/app/administration/src/app/component/utils/sw-vnode-renderer/index.js">
<testcase time="0" name="/Users/oliver/Projects/dev2/platform/src/Administration/Resources/app/administration/src/app/component/utils/sw-vnode-renderer/index.js" />
</testsuite>
<testsuite package="org.eslint" time="0" tests="1" errors="0" name="/Users/oliver/Projects/dev2/platform/src/Administration/Resources/app/administration/src/app/decorator/condition-type-data-provider.decorator.js">
<testcase time="0" name="/Users/oliver/Projects/dev2/platform/src/Administration/Resources/app/administration/src/app/decorator/condition-type-data-provider.decorator.js" />
</testsuite>
<testsuite package="org.eslint" time="0" tests="1" errors="0" name="/Users/oliver/Projects/dev2/platform/src/Administration/Resources/app/administration/src/app/decorator/index.js">
<testcase time="0" name="/Users/oliver/Projects/dev2/platform/src/Administration/Resources/app/administration/src/app/decorator/index.js" />
</testsuite>
<testsuite package="org.eslint" time="0" tests="1" errors="0" name="/Users/oliver/Projects/dev2/platform/src/Administration/Resources/app/administration/src/app/decorator/state-styling-provider.decorator.js">
<testcase time="0" name="/Users/oliver/Projects/dev2/platform/src/Administration/Resources/app/administration/src/app/decorator/state-styling-provider.decorator.js" />
</testsuite>
<testsuite package="org.eslint" time="0" tests="1" errors="0" name="/Users/oliver/Projects/dev2/platform/src/Administration/Resources/app/administration/src/app/directive/autofocus.directive.js">
<testcase time="0" name="/Users/oliver/Projects/dev2/platform/src/Administration/Resources/app/administration/src/app/directive/autofocus.directive.js" />
</testsuite>
<testsuite package="org.eslint" time="0" tests="1" errors="0" name="/Users/oliver/Projects/dev2/platform/src/Administration/Resources/app/administration/src/app/directive/dragdrop.directive.js">
<testcase time="0" name="/Users/oliver/Projects/dev2/platform/src/Administration/Resources/app/administration/src/app/directive/dragdrop.directive.js" />
</testsuite>
<testsuite package="org.eslint" time="0" tests="1" errors="0" name="/Users/oliver/Projects/dev2/platform/src/Administration/Resources/app/administration/src/app/directive/fixed.directive.js">
<testcase time="0" name="/Users/oliver/Projects/dev2/platform/src/Administration/Resources/app/administration/src/app/directive/fixed.directive.js" />
</testsuite>
<testsuite package="org.eslint" time="0" tests="1" errors="0" name="/Users/oliver/Projects/dev2/platform/src/Administration/Resources/app/administration/src/app/directive/index.js">
<testcase time="0" name="/Users/oliver/Projects/dev2/platform/src/Administration/Resources/app/administration/src/app/directive/index.js" />
</testsuite>
<testsuite package="org.eslint" time="0" tests="1" errors="0" name="/Users/oliver/Projects/dev2/platform/src/Administration/Resources/app/administration/src/app/directive/popover.directive.js">
<testcase time="0" name="/Users/oliver/Projects/dev2/platform/src/Administration/Resources/app/administration/src/app/directive/popover.directive.js" />
</testsuite>
<testsuite package="org.eslint" time="0" tests="1" errors="0" name="/Users/oliver/Projects/dev2/platform/src/Administration/Resources/app/administration/src/app/directive/tooltip.directive.js">
<testcase time="0" name="/Users/oliver/Projects/dev2/platform/src/Administration/Resources/app/administration/src/app/directive/tooltip.directive.js" />
</testsuite>
<testsuite package="org.eslint" time="0" tests="1" errors="0" name="/Users/oliver/Projects/dev2/platform/src/Administration/Resources/app/administration/src/app/filter/asset.filter.js">
<testcase time="0" name="/Users/oliver/Projects/dev2/platform/src/Administration/Resources/app/administration/src/app/filter/asset.filter.js" />
</testsuite>
<testsuite package="org.eslint" time="0" tests="1" errors="0" name="/Users/oliver/Projects/dev2/platform/src/Administration/Resources/app/administration/src/app/filter/currency.filter.js">
<testcase time="0" name="/Users/oliver/Projects/dev2/platform/src/Administration/Resources/app/administration/src/app/filter/currency.filter.js" />
</testsuite>
<testsuite package="org.eslint" time="0" tests="1" errors="0" name="/Users/oliver/Projects/dev2/platform/src/Administration/Resources/app/administration/src/app/filter/date.filter.js">
<testcase time="0" name="/Users/oliver/Projects/dev2/platform/src/Administration/Resources/app/administration/src/app/filter/date.filter.js" />
</testsuite>
<testsuite package="org.eslint" time="0" tests="1" errors="0" name="/Users/oliver/Projects/dev2/platform/src/Administration/Resources/app/administration/src/app/filter/file-size.filter.js">
<testcase time="0" name="/Users/oliver/Projects/dev2/platform/src/Administration/Resources/app/administration/src/app/filter/file-size.filter.js" />
</testsuite>
<testsuite package="org.eslint" time="0" tests="1" errors="0" name="/Users/oliver/Projects/dev2/platform/src/Administration/Resources/app/administration/src/app/filter/index.js">
<testcase time="0" name="/Users/oliver/Projects/dev2/platform/src/Administration/Resources/app/administration/src/app/filter/index.js" />
</testsuite>
<testsuite package="org.eslint" time="0" tests="1" errors="0" name="/Users/oliver/Projects/dev2/platform/src/Administration/Resources/app/administration/src/app/filter/media-name.filter.js">
<testcase time="0" name="/Users/oliver/Projects/dev2/platform/src/Administration/Resources/app/administration/src/app/filter/media-name.filter.js" />
</testsuite>
<testsuite package="org.eslint" time="0" tests="1" errors="0" name="/Users/oliver/Projects/dev2/platform/src/Administration/Resources/app/administration/src/app/filter/salutation.filter.js">
<testcase time="0" name="/Users/oliver/Projects/dev2/platform/src/Administration/Resources/app/administration/src/app/filter/salutation.filter.js" />
</testsuite>
<testsuite package="org.eslint" time="0" tests="1" errors="0" name="/Users/oliver/Projects/dev2/platform/src/Administration/Resources/app/administration/src/app/filter/striphtml.filter.js">
<testcase time="0" name="/Users/oliver/Projects/dev2/platform/src/Administration/Resources/app/administration/src/app/filter/striphtml.filter.js" />
</testsuite>
<testsuite package="org.eslint" time="0" tests="1" errors="0" name="/Users/oliver/Projects/dev2/platform/src/Administration/Resources/app/administration/src/app/filter/thumbnail-size.filter.js">
<testcase time="0" name="/Users/oliver/Projects/dev2/platform/src/Administration/Resources/app/administration/src/app/filter/thumbnail-size.filter.js" />
</testsuite>
<testsuite package="org.eslint" time="0" tests="1" errors="0" name="/Users/oliver/Projects/dev2/platform/src/Administration/Resources/app/administration/src/app/filter/truncate.filter.js">
<testcase time="0" name="/Users/oliver/Projects/dev2/platform/src/Administration/Resources/app/administration/src/app/filter/truncate.filter.js" />
</testsuite>
<testsuite package="org.eslint" time="0" tests="1" errors="0" name="/Users/oliver/Projects/dev2/platform/src/Administration/Resources/app/administration/src/app/init-post/index.js">
<testcase time="0" name="/Users/oliver/Projects/dev2/platform/src/Administration/Resources/app/administration/src/app/init-post/index.js" />
</testsuite>
<testsuite package="org.eslint" time="0" tests="1" errors="0" name="/Users/oliver/Projects/dev2/platform/src/Administration/Resources/app/administration/src/app/init-post/user-information.init.js">
<testcase time="0" name="/Users/oliver/Projects/dev2/platform/src/Administration/Resources/app/administration/src/app/init-post/user-information.init.js" />
</testsuite>
<testsuite package="org.eslint" time="0" tests="1" errors="0" name="/Users/oliver/Projects/dev2/platform/src/Administration/Resources/app/administration/src/app/init-post/worker.init.js">
<testcase time="0" name="/Users/oliver/Projects/dev2/platform/src/Administration/Resources/app/administration/src/app/init-post/worker.init.js" />
</testsuite>
<testsuite package="org.eslint" time="0" tests="1" errors="0" name="/Users/oliver/Projects/dev2/platform/src/Administration/Resources/app/administration/src/app/init-pre/api-services.init.js">
<testcase time="0" name="/Users/oliver/Projects/dev2/platform/src/Administration/Resources/app/administration/src/app/init-pre/api-services.init.js" />
</testsuite>
<testsuite package="org.eslint" time="0" tests="1" errors="0" name="/Users/oliver/Projects/dev2/platform/src/Administration/Resources/app/administration/src/app/init-pre/index.js">
<testcase time="0" name="/Users/oliver/Projects/dev2/platform/src/Administration/Resources/app/administration/src/app/init-pre/index.js" />
</testsuite>
<testsuite package="org.eslint" time="0" tests="1" errors="0" name="/Users/oliver/Projects/dev2/platform/src/Administration/Resources/app/administration/src/app/init/component-helper.init.js">
<testcase time="0" name="/Users/oliver/Projects/dev2/platform/src/Administration/Resources/app/administration/src/app/init/component-helper.init.js" />
</testsuite>
<testsuite package="org.eslint" time="0" tests="1" errors="0" name="/Users/oliver/Projects/dev2/platform/src/Administration/Resources/app/administration/src/app/init/component.init.js">
<testcase time="0" name="/Users/oliver/Projects/dev2/platform/src/Administration/Resources/app/administration/src/app/init/component.init.js" />
</testsuite>
<testsuite package="org.eslint" time="0" tests="1" errors="0" name="/Users/oliver/Projects/dev2/platform/src/Administration/Resources/app/administration/src/app/init/directive.init.js">
<testcase time="0" name="/Users/oliver/Projects/dev2/platform/src/Administration/Resources/app/administration/src/app/init/directive.init.js" />
</testsuite>
<testsuite package="org.eslint" time="0" tests="1" errors="0" name="/Users/oliver/Projects/dev2/platform/src/Administration/Resources/app/administration/src/app/init/entity.init.js">
<testcase time="0" name="/Users/oliver/Projects/dev2/platform/src/Administration/Resources/app/administration/src/app/init/entity.init.js" />
</testsuite>
<testsuite package="org.eslint" time="0" tests="1" errors="0" name="/Users/oliver/Projects/dev2/platform/src/Administration/Resources/app/administration/src/app/init/filter.init.js">
<testcase time="0" name="/Users/oliver/Projects/dev2/platform/src/Administration/Resources/app/administration/src/app/init/filter.init.js" />
</testsuite>
<testsuite package="org.eslint" time="0" tests="1" errors="0" name="/Users/oliver/Projects/dev2/platform/src/Administration/Resources/app/administration/src/app/init/http.init.js">
<testcase time="0" name="/Users/oliver/Projects/dev2/platform/src/Administration/Resources/app/administration/src/app/init/http.init.js" />
</testsuite>
<testsuite package="org.eslint" time="0" tests="1" errors="0" name="/Users/oliver/Projects/dev2/platform/src/Administration/Resources/app/administration/src/app/init/index.js">
<testcase time="0" name="/Users/oliver/Projects/dev2/platform/src/Administration/Resources/app/administration/src/app/init/index.js" />
</testsuite>
<testsuite package="org.eslint" time="0" tests="1" errors="0" name="/Users/oliver/Projects/dev2/platform/src/Administration/Resources/app/administration/src/app/init/locale.init.js">
<testcase time="0" name="/Users/oliver/Projects/dev2/platform/src/Administration/Resources/app/administration/src/app/init/locale.init.js" />
</testsuite>
<testsuite package="org.eslint" time="0" tests="1" errors="0" name="/Users/oliver/Projects/dev2/platform/src/Administration/Resources/app/administration/src/app/init/login.init.js">
<testcase time="0" name="/Users/oliver/Projects/dev2/platform/src/Administration/Resources/app/administration/src/app/init/login.init.js" />
</testsuite>
<testsuite package="org.eslint" time="0" tests="1" errors="0" name="/Users/oliver/Projects/dev2/platform/src/Administration/Resources/app/administration/src/app/init/mixin.init.js">
<testcase time="0" name="/Users/oliver/Projects/dev2/platform/src/Administration/Resources/app/administration/src/app/init/mixin.init.js" />
</testsuite>
<testsuite package="org.eslint" time="0" tests="1" errors="0" name="/Users/oliver/Projects/dev2/platform/src/Administration/Resources/app/administration/src/app/init/modules.init.js">
<testcase time="0" name="/Users/oliver/Projects/dev2/platform/src/Administration/Resources/app/administration/src/app/init/modules.init.js" />
</testsuite>
<testsuite package="org.eslint" time="0" tests="1" errors="0" name="/Users/oliver/Projects/dev2/platform/src/Administration/Resources/app/administration/src/app/init/repository.init.js">
<testcase time="0" name="/Users/oliver/Projects/dev2/platform/src/Administration/Resources/app/administration/src/app/init/repository.init.js" />
</testsuite>
<testsuite package="org.eslint" time="0" tests="1" errors="0" name="/Users/oliver/Projects/dev2/platform/src/Administration/Resources/app/administration/src/app/init/router.init.js">
<testcase time="0" name="/Users/oliver/Projects/dev2/platform/src/Administration/Resources/app/administration/src/app/init/router.init.js" />
</testsuite>
<testsuite package="org.eslint" time="0" tests="1" errors="0" name="/Users/oliver/Projects/dev2/platform/src/Administration/Resources/app/administration/src/app/init/shortcut.init.js">
<testcase time="0" name="/Users/oliver/Projects/dev2/platform/src/Administration/Resources/app/administration/src/app/init/shortcut.init.js" />
</testsuite>
<testsuite package="org.eslint" time="0" tests="1" errors="0" name="/Users/oliver/Projects/dev2/platform/src/Administration/Resources/app/administration/src/app/init/state.init.js">
<testcase time="0" name="/Users/oliver/Projects/dev2/platform/src/Administration/Resources/app/administration/src/app/init/state.init.js" />
</testsuite>
<testsuite package="org.eslint" time="0" tests="1" errors="0" name="/Users/oliver/Projects/dev2/platform/src/Administration/Resources/app/administration/src/app/init/svg-icons.init.js">
<testcase time="0" name="/Users/oliver/Projects/dev2/platform/src/Administration/Resources/app/administration/src/app/init/svg-icons.init.js" />
</testsuite>
<testsuite package="org.eslint" time="0" tests="1" errors="0" name="/Users/oliver/Projects/dev2/platform/src/Administration/Resources/app/administration/src/app/main.js">
<testcase time="0" name="/Users/oliver/Projects/dev2/platform/src/Administration/Resources/app/administration/src/app/main.js" />
</testsuite>
<testsuite package="org.eslint" time="0" tests="1" errors="0" name="/Users/oliver/Projects/dev2/platform/src/Administration/Resources/app/administration/src/app/mixin/discard-detail-page-changes.mixin.js">
<testcase time="0" name="/Users/oliver/Projects/dev2/platform/src/Administration/Resources/app/administration/src/app/mixin/discard-detail-page-changes.mixin.js" />
</testsuite>
<testsuite package="org.eslint" time="0" tests="1" errors="0" name="/Users/oliver/Projects/dev2/platform/src/Administration/Resources/app/administration/src/app/mixin/form-field.mixin.js">
<testcase time="0" name="/Users/oliver/Projects/dev2/platform/src/Administration/Resources/app/administration/src/app/mixin/form-field.mixin.js" />
</testsuite>
<testsuite package="org.eslint" time="0" tests="1" errors="0" name="/Users/oliver/Projects/dev2/platform/src/Administration/Resources/app/administration/src/app/mixin/index.js">
<testcase time="0" name="/Users/oliver/Projects/dev2/platform/src/Administration/Resources/app/administration/src/app/mixin/index.js" />
</testsuite>
<testsuite package="org.eslint" time="0" tests="1" errors="0" name="/Users/oliver/Projects/dev2/platform/src/Administration/Resources/app/administration/src/app/mixin/listing.mixin.js">
<testcase time="0" name="/Users/oliver/Projects/dev2/platform/src/Administration/Resources/app/administration/src/app/mixin/listing.mixin.js" />
</testsuite>
<testsuite package="org.eslint" time="0" tests="1" errors="0" name="/Users/oliver/Projects/dev2/platform/src/Administration/Resources/app/administration/src/app/mixin/notification.mixin.js">
<testcase time="0" name="/Users/oliver/Projects/dev2/platform/src/Administration/Resources/app/administration/src/app/mixin/notification.mixin.js" />
</testsuite>
<testsuite package="org.eslint" time="0" tests="1" errors="0" name="/Users/oliver/Projects/dev2/platform/src/Administration/Resources/app/administration/src/app/mixin/placeholder.mixin.js">
<testcase time="0" name="/Users/oliver/Projects/dev2/platform/src/Administration/Resources/app/administration/src/app/mixin/placeholder.mixin.js" />
</testsuite>
<testsuite package="org.eslint" time="0" tests="1" errors="0" name="/Users/oliver/Projects/dev2/platform/src/Administration/Resources/app/administration/src/app/mixin/position.mixin.js">
<testcase time="0" name="/Users/oliver/Projects/dev2/platform/src/Administration/Resources/app/administration/src/app/mixin/position.mixin.js" />
</testsuite>
<testsuite package="org.eslint" time="0" tests="1" errors="0" name="/Users/oliver/Projects/dev2/platform/src/Administration/Resources/app/administration/src/app/mixin/salutation.mixin.js">
<testcase time="0" name="/Users/oliver/Projects/dev2/platform/src/Administration/Resources/app/administration/src/app/mixin/salutation.mixin.js" />
</testsuite>
[...]
</testsuite>
<testsuite package="org.eslint" time="0" tests="1" errors="0" name="/Users/oliver/Projects/dev2/platform/src/Administration/Resources/app/administration/src/module/sw-settings-tax/index.js">
<testcase time="0" name="/Users/oliver/Projects/dev2/platform/src/Administration/Resources/app/administration/src/module/sw-settings-tax/index.js" />
</testsuite>
<testsuite package="org.eslint" time="0" tests="1" errors="0" name="/Users/oliver/Projects/dev2/platform/src/Administration/Resources/app/administration/src/module/sw-settings-tax/page/sw-settings-tax-detail/index.js">
<testcase time="0" name="/Users/oliver/Projects/dev2/platform/src/Administration/Resources/app/administration/src/module/sw-settings-tax/page/sw-settings-tax-detail/index.js" />
</testsuite>
<testsuite package="org.eslint" time="0" tests="1" errors="0" name="/Users/oliver/Projects/dev2/platform/src/Administration/Resources/app/administration/src/module/sw-settings-tax/page/sw-settings-tax-list/index.js">
<testcase time="0" name="/Users/oliver/Projects/dev2/platform/src/Administration/Resources/app/administration/src/module/sw-settings-tax/page/sw-settings-tax-list/index.js" />
</testsuite>
<testsuite package="org.eslint" time="0" tests="1" errors="0" name="/Users/oliver/Projects/dev2/platform/src/Administration/Resources/app/administration/src/module/sw-settings-units/extension/sw-settings-index/index.js">
<testcase time="0" name="/Users/oliver/Projects/dev2/platform/src/Administration/Resources/app/administration/src/module/sw-settings-units/extension/sw-settings-index/index.js" />
</testsuite>
<testsuite package="org.eslint" time="0" tests="1" errors="0" name="/Users/oliver/Projects/dev2/platform/src/Administration/Resources/app/administration/src/module/sw-settings-units/index.js">
<testcase time="0" name="/Users/oliver/Projects/dev2/platform/src/Administration/Resources/app/administration/src/module/sw-settings-units/index.js" />
</testsuite>
<testsuite package="org.eslint" time="0" tests="1" errors="0" name="/Users/oliver/Projects/dev2/platform/src/Administration/Resources/app/administration/src/module/sw-settings-units/page/sw-settings-units/index.js">
<testcase time="0" name="/Users/oliver/Projects/dev2/platform/src/Administration/Resources/app/administration/src/module/sw-settings-units/page/sw-settings-units/index.js" />
</testsuite>
<testsuite package="org.eslint" time="0" tests="1" errors="0" name="/Users/oliver/Projects/dev2/platform/src/Administration/Resources/app/administration/src/module/sw-settings-user/extension/sw-settings-index/index.js">
<testcase time="0" name="/Users/oliver/Projects/dev2/platform/src/Administration/Resources/app/administration/src/module/sw-settings-user/extension/sw-settings-index/index.js" />
</testsuite>
<testsuite package="org.eslint" time="0" tests="1" errors="0" name="/Users/oliver/Projects/dev2/platform/src/Administration/Resources/app/administration/src/module/sw-settings-user/index.js">
<testcase time="0" name="/Users/oliver/Projects/dev2/platform/src/Administration/Resources/app/administration/src/module/sw-settings-user/index.js" />
</testsuite>
<testsuite package="org.eslint" time="0" tests="1" errors="0" name="/Users/oliver/Projects/dev2/platform/src/Administration/Resources/app/administration/src/module/sw-settings-user/page/sw-settings-user-create/index.js">
<testcase time="0" name="/Users/oliver/Projects/dev2/platform/src/Administration/Resources/app/administration/src/module/sw-settings-user/page/sw-settings-user-create/index.js" />
</testsuite>
<testsuite package="org.eslint" time="0" tests="1" errors="0" name="/Users/oliver/Projects/dev2/platform/src/Administration/Resources/app/administration/src/module/sw-settings-user/page/sw-settings-user-detail/index.js">
<testcase time="0" name="/Users/oliver/Projects/dev2/platform/src/Administration/Resources/app/administration/src/module/sw-settings-user/page/sw-settings-user-detail/index.js" />
</testsuite>
<testsuite package="org.eslint" time="0" tests="1" errors="0" name="/Users/oliver/Projects/dev2/platform/src/Administration/Resources/app/administration/src/module/sw-settings-user/page/sw-settings-user-list/index.js">
<testcase time="0" name="/Users/oliver/Projects/dev2/platform/src/Administration/Resources/app/administration/src/module/sw-settings-user/page/sw-settings-user-list/index.js" />
</testsuite>
<testsuite package="org.eslint" time="0" tests="1" errors="0" name="/Users/oliver/Projects/dev2/platform/src/Administration/Resources/app/administration/src/module/sw-settings/component/sw-settings-item/index.js">
<testcase time="0" name="/Users/oliver/Projects/dev2/platform/src/Administration/Resources/app/administration/src/module/sw-settings/component/sw-settings-item/index.js" />
</testsuite>
<testsuite package="org.eslint" time="0" tests="1" errors="0" name="/Users/oliver/Projects/dev2/platform/src/Administration/Resources/app/administration/src/module/sw-settings/component/sw-system-config/index.js">
<testcase time="0" name="/Users/oliver/Projects/dev2/platform/src/Administration/Resources/app/administration/src/module/sw-settings/component/sw-system-config/index.js" />
</testsuite>
<testsuite package="org.eslint" time="0" tests="1" errors="0" name="/Users/oliver/Projects/dev2/platform/src/Administration/Resources/app/administration/src/module/sw-settings/index.js">
<testcase time="0" name="/Users/oliver/Projects/dev2/platform/src/Administration/Resources/app/administration/src/module/sw-settings/index.js" />
</testsuite>
<testsuite package="org.eslint" time="0" tests="1" errors="0" name="/Users/oliver/Projects/dev2/platform/src/Administration/Resources/app/administration/src/module/sw-settings/mixin/sw-settings-list.mixin.js">
<testcase time="0" name="/Users/oliver/Projects/dev2/platform/src/Administration/Resources/app/administration/src/module/sw-settings/mixin/sw-settings-list.mixin.js" />
</testsuite>
<testsuite package="org.eslint" time="0" tests="1" errors="0" name="/Users/oliver/Projects/dev2/platform/src/Administration/Resources/app/administration/src/module/sw-settings/page/sw-settings-index/index.js">
<testcase time="0" name="/Users/oliver/Projects/dev2/platform/src/Administration/Resources/app/administration/src/module/sw-settings/page/sw-settings-index/index.js" />
</testsuite>
<testsuite package="org.eslint" time="0" tests="1" errors="0" name="/Users/oliver/Projects/dev2/platform/src/Administration/Resources/app/administration/test/@tool/__mocks__/styleMock.js">
<testcase time="0" name="/Users/oliver/Projects/dev2/platform/src/Administration/Resources/app/administration/test/@tool/__mocks__/styleMock.js" />
</testsuite>
<testsuite package="org.eslint" time="0" tests="1" errors="0" name="/Users/oliver/Projects/dev2/platform/src/Administration/Resources/app/administration/test/@tool/setup-env-for-shopware.js">
<testcase time="0" name="/Users/oliver/Projects/dev2/platform/src/Administration/Resources/app/administration/test/@tool/setup-env-for-shopware.js" />
</testsuite>
<testsuite package="org.eslint" time="0" tests="1" errors="0" name="/Users/oliver/Projects/dev2/platform/src/Administration/Resources/app/administration/test/@tool/setup-env-require-context.js">
<testcase time="0" name="/Users/oliver/Projects/dev2/platform/src/Administration/Resources/app/administration/test/@tool/setup-env-require-context.js" />
</testsuite>
<testsuite package="org.eslint" time="0" tests="1" errors="0" name="/Users/oliver/Projects/dev2/platform/src/Administration/Resources/app/administration/test/@tool/transform.js">
<testcase time="0" name="/Users/oliver/Projects/dev2/platform/src/Administration/Resources/app/administration/test/@tool/transform.js" />
</testsuite>
<testsuite package="org.eslint" time="0" tests="1" errors="0" name="/Users/oliver/Projects/dev2/platform/src/Administration/Resources/app/administration/test/@tool/twig-to-vue-transformer/index.js">
<testcase time="0" name="/Users/oliver/Projects/dev2/platform/src/Administration/Resources/app/administration/test/@tool/twig-to-vue-transformer/index.js" />
</testsuite>
<testsuite package="org.eslint" time="0" tests="1" errors="0" name="/Users/oliver/Projects/dev2/platform/src/Administration/Resources/app/administration/test/@tool/twig-to-vue-transformer/twig-renderer.js">
<testcase time="0" name="/Users/oliver/Projects/dev2/platform/src/Administration/Resources/app/administration/test/@tool/twig-to-vue-transformer/twig-renderer.js" />
</testsuite>
<testsuite package="org.eslint" time="0" tests="1" errors="0" name="/Users/oliver/Projects/dev2/platform/src/Administration/Resources/app/administration/test/common.spec.js">
<testcase time="0" name="/Users/oliver/Projects/dev2/platform/src/Administration/Resources/app/administration/test/common.spec.js" />
</testsuite>
<testsuite package="org.eslint" time="0" tests="1" errors="0" name="/Users/oliver/Projects/dev2/platform/src/Administration/Resources/app/administration/test/component/sw-alert.spec.js">
<testcase time="0" name="/Users/oliver/Projects/dev2/platform/src/Administration/Resources/app/administration/test/component/sw-alert.spec.js" />
</testsuite>
<testsuite package="org.eslint" time="0" tests="1" errors="0" name="/Users/oliver/Projects/dev2/platform/src/Administration/Resources/app/administration/test/component/sw-button.spec.js">
<testcase time="0" name="/Users/oliver/Projects/dev2/platform/src/Administration/Resources/app/administration/test/component/sw-button.spec.js" />
</testsuite>
<testsuite package="org.eslint" time="0" tests="1" errors="0" name="/Users/oliver/Projects/dev2/platform/src/Administration/Resources/app/administration/test/component/sw-chart.spec.js">
<testcase time="0" name="/Users/oliver/Projects/dev2/platform/src/Administration/Resources/app/administration/test/component/sw-chart.spec.js" />
</testsuite>
<testsuite package="org.eslint" time="0" tests="1" errors="0" name="/Users/oliver/Projects/dev2/platform/src/Administration/Resources/app/administration/test/component/sw-colorpicker.spec.js">
<testcase time="0" name="/Users/oliver/Projects/dev2/platform/src/Administration/Resources/app/administration/test/component/sw-colorpicker.spec.js" />
</testsuite>
<testsuite package="org.eslint" time="0" tests="1" errors="0" name="/Users/oliver/Projects/dev2/platform/src/Administration/Resources/app/administration/test/component/sw-price-field.spec.js">
<testcase time="0" name="/Users/oliver/Projects/dev2/platform/src/Administration/Resources/app/administration/test/component/sw-price-field.spec.js" />
</testsuite>
<testsuite package="org.eslint" time="0" tests="1" errors="0" name="/Users/oliver/Projects/dev2/platform/src/Administration/Resources/app/administration/test/data/entity-collection.data.spec.js">
<testcase time="0" name="/Users/oliver/Projects/dev2/platform/src/Administration/Resources/app/administration/test/data/entity-collection.data.spec.js" />
</testsuite>
<testsuite package="org.eslint" time="0" tests="1" errors="0" name="/Users/oliver/Projects/dev2/platform/src/Administration/Resources/app/administration/test/directive/popover.spec.js">
<testcase time="0" name="/Users/oliver/Projects/dev2/platform/src/Administration/Resources/app/administration/test/directive/popover.spec.js" />
</testsuite>
<testsuite package="org.eslint" time="0" tests="1" errors="0" name="/Users/oliver/Projects/dev2/platform/src/Administration/Resources/app/administration/test/factory/component.factory.spec.js">
<testcase time="0" name="/Users/oliver/Projects/dev2/platform/src/Administration/Resources/app/administration/test/factory/component.factory.spec.js" />
</testsuite>
<testsuite package="org.eslint" time="0" tests="1" errors="0" name="/Users/oliver/Projects/dev2/platform/src/Administration/Resources/app/administration/test/factory/module.factory.spec.js">
<testcase time="0" name="/Users/oliver/Projects/dev2/platform/src/Administration/Resources/app/administration/test/factory/module.factory.spec.js" />
</testsuite>
<testsuite package="org.eslint" time="0" tests="1" errors="0" name="/Users/oliver/Projects/dev2/platform/src/Administration/Resources/app/administration/test/factory/worker-notification.factory.spec.js">
<testcase time="0" name="/Users/oliver/Projects/dev2/platform/src/Administration/Resources/app/administration/test/factory/worker-notification.factory.spec.js" />
</testsuite>
<testsuite package="org.eslint" time="0" tests="1" errors="0" name="/Users/oliver/Projects/dev2/platform/src/Administration/Resources/app/administration/test/helper/flattree.helper.spec.js">
<testcase time="0" name="/Users/oliver/Projects/dev2/platform/src/Administration/Resources/app/administration/test/helper/flattree.helper.spec.js" />
</testsuite>
<testsuite package="org.eslint" time="0" tests="1" errors="0" name="/Users/oliver/Projects/dev2/platform/src/Administration/Resources/app/administration/test/helper/sanitizer.helper.spec.js">
<testcase time="0" name="/Users/oliver/Projects/dev2/platform/src/Administration/Resources/app/administration/test/helper/sanitizer.helper.spec.js" />
</testsuite>
<testsuite package="org.eslint" time="0" tests="1" errors="0" name="/Users/oliver/Projects/dev2/platform/src/Administration/Resources/app/administration/test/module/sw-cms/elements/vimeo-video.spec.js">
<testcase time="0" name="/Users/oliver/Projects/dev2/platform/src/Administration/Resources/app/administration/test/module/sw-cms/elements/vimeo-video.spec.js" />
</testsuite>
<testsuite package="org.eslint" time="0" tests="1" errors="0" name="/Users/oliver/Projects/dev2/platform/src/Administration/Resources/app/administration/test/module/sw-cms/elements/youtube-video.spec.js">
<testcase time="0" name="/Users/oliver/Projects/dev2/platform/src/Administration/Resources/app/administration/test/module/sw-cms/elements/youtube-video.spec.js" />
</testsuite>
<testsuite package="org.eslint" time="0" tests="1" errors="0" name="/Users/oliver/Projects/dev2/platform/src/Administration/Resources/app/administration/test/module/sw-promotion/component/sw-promotion-discount-component/handler.spec.js">
<testcase time="0" name="/Users/oliver/Projects/dev2/platform/src/Administration/Resources/app/administration/test/module/sw-promotion/component/sw-promotion-discount-component/handler.spec.js" />
</testsuite>
<testsuite package="org.eslint" time="0" tests="1" errors="0" name="/Users/oliver/Projects/dev2/platform/src/Administration/Resources/app/administration/test/module/sw-promotion/helper/code-entity-hydrator.helper.spec.js">
<testcase time="0" name="/Users/oliver/Projects/dev2/platform/src/Administration/Resources/app/administration/test/module/sw-promotion/helper/code-entity-hydrator.helper.spec.js" />
</testsuite>
<testsuite package="org.eslint" time="0" tests="1" errors="0" name="/Users/oliver/Projects/dev2/platform/src/Administration/Resources/app/administration/test/module/sw-promotion/helper/discount-scope.spec.js">
<testcase time="0" name="/Users/oliver/Projects/dev2/platform/src/Administration/Resources/app/administration/test/module/sw-promotion/helper/discount-scope.spec.js" />
</testsuite>
<testsuite package="org.eslint" time="0" tests="1" errors="0" name="/Users/oliver/Projects/dev2/platform/src/Administration/Resources/app/administration/test/module/sw-promotion/helper/discount-type.spec.js">
<testcase time="0" name="/Users/oliver/Projects/dev2/platform/src/Administration/Resources/app/administration/test/module/sw-promotion/helper/discount-type.spec.js" />
</testsuite>
<testsuite package="org.eslint" time="0" tests="1" errors="0" name="/Users/oliver/Projects/dev2/platform/src/Administration/Resources/app/administration/test/module/sw-promotion/helper/promotion-entity-hydrator.helper.spec.js">
<testcase time="0" name="/Users/oliver/Projects/dev2/platform/src/Administration/Resources/app/administration/test/module/sw-promotion/helper/promotion-entity-hydrator.helper.spec.js" />
</testsuite>
<testsuite package="org.eslint" time="0" tests="1" errors="0" name="/Users/oliver/Projects/dev2/platform/src/Administration/Resources/app/administration/test/module/sw-promotion/helper/promotion-permissions.spec.js">
<testcase time="0" name="/Users/oliver/Projects/dev2/platform/src/Administration/Resources/app/administration/test/module/sw-promotion/helper/promotion-permissions.spec.js" />
</testsuite>
<testsuite package="org.eslint" time="0" tests="1" errors="0" name="/Users/oliver/Projects/dev2/platform/src/Administration/Resources/app/administration/test/module/sw-promotion/service/code-generator.service.spec.js">
<testcase time="0" name="/Users/oliver/Projects/dev2/platform/src/Administration/Resources/app/administration/test/module/sw-promotion/service/code-generator.service.spec.js" />
</testsuite>
<testsuite package="org.eslint" time="0" tests="1" errors="0" name="/Users/oliver/Projects/dev2/platform/src/Administration/Resources/app/administration/test/service/jsonapi-parser.service.spec.js">
<testcase time="0" name="/Users/oliver/Projects/dev2/platform/src/Administration/Resources/app/administration/test/service/jsonapi-parser.service.spec.js" />
</testsuite>
<testsuite package="org.eslint" time="0" tests="1" errors="0" name="/Users/oliver/Projects/dev2/platform/src/Administration/Resources/app/administration/test/service/license-violation.service.spec.js">
<testcase time="0" name="/Users/oliver/Projects/dev2/platform/src/Administration/Resources/app/administration/test/service/license-violation.service.spec.js" />
</testsuite>
<testsuite package="org.eslint" time="0" tests="1" errors="0" name="/Users/oliver/Projects/dev2/platform/src/Administration/Resources/app/administration/test/service/utils/file-reader.utils.spec.js">
<testcase time="0" name="/Users/oliver/Projects/dev2/platform/src/Administration/Resources/app/administration/test/service/utils/file-reader.utils.spec.js" />
</testsuite>
<testsuite package="org.eslint" time="0" tests="1" errors="0" name="/Users/oliver/Projects/dev2/platform/src/Administration/Resources/app/administration/test/service/utils/format.utils.spec.js">
<testcase time="0" name="/Users/oliver/Projects/dev2/platform/src/Administration/Resources/app/administration/test/service/utils/format.utils.spec.js" />
</testsuite>
<testsuite package="org.eslint" time="0" tests="1" errors="0" name="/Users/oliver/Projects/dev2/platform/src/Administration/Resources/app/administration/test/service/utils/types.utils.spec.js">
<testcase time="0" name="/Users/oliver/Projects/dev2/platform/src/Administration/Resources/app/administration/test/service/utils/types.utils.spec.js" />
</testsuite>
<testsuite package="org.eslint" time="0" tests="1" errors="0" name="/Users/oliver/Projects/dev2/platform/src/Administration/Resources/app/administration/test/webpack/assets/ExamplePluginForTesting/src/Resources/administration/main.js">
<testcase time="0" name="/Users/oliver/Projects/dev2/platform/src/Administration/Resources/app/administration/test/webpack/assets/ExamplePluginForTesting/src/Resources/administration/main.js" />
</testsuite>
<testsuite package="org.eslint" time="0" tests="1" errors="0" name="/Users/oliver/Projects/dev2/platform/src/Administration/Resources/app/administration/test/webpack/assets/ExamplePluginForTesting/src/Resources/administration/src/app/component/dummy-component/index.js">
<testcase time="0" name="/Users/oliver/Projects/dev2/platform/src/Administration/Resources/app/administration/test/webpack/assets/ExamplePluginForTesting/src/Resources/administration/src/app/component/dummy-component/index.js" />
</testsuite>
<testsuite package="org.eslint" time="0" tests="1" errors="0" name="/Users/oliver/Projects/dev2/platform/src/Administration/Resources/app/administration/test/webpack/bundle.spec.js">
<testcase time="0" name="/Users/oliver/Projects/dev2/platform/src/Administration/Resources/app/administration/test/webpack/bundle.spec.js" />
</testsuite>
</testsuites>

